{"uuid":"865e0f30-aa94-46c0-a212-2c0f17413a7e","historyId":"9a706120f0df30cf9e1fae44b9090a55","testCaseId":"[engine:junit-jupiter]/[class:ui.tests.ProductTests]/[method:removeProductBasket()]","testCaseName":"removeProductBasket()","fullName":"ui.tests.ProductTests.removeProductBasket","labels":[{"name":"junit.platform.uniqueid","value":"[engine:junit-jupiter]/[class:ui.tests.ProductTests]/[method:removeProductBasket()]"},{"name":"host","value":"MacBook-Pro-Ochir.local"},{"name":"thread","value":"2280@MacBook-Pro-Ochir.local.Test worker(1)"},{"name":"framework","value":"junit-platform"},{"name":"language","value":"java"},{"name":"package","value":"ui.tests.ProductTests"},{"name":"testClass","value":"ui.tests.ProductTests"},{"name":"testMethod","value":"removeProductBasket"},{"name":"suite","value":"ui.tests.ProductTests"}],"links":[],"name":"removeProductBasket()","status":"failed","statusDetails":{"known":false,"muted":false,"flaky":false,"message":"Element not found {.btn btn_secondary btn_small cart_button}\nExpected: clickable: interactable and enabled\nScreenshot: file:/Users/ochirermoshkaev/Desktop/automation/progect/exampleUiAndApiTests/build/reports/tests/1758196453140.0.png\nPage source: file:/Users/ochirermoshkaev/Desktop/automation/progect/exampleUiAndApiTests/build/reports/tests/1758196453140.0.html\nTimeout: 4 s.\nCaused by: NoSuchElementException: no such element: Unable to locate element: {\"method\":\"css selector\",\"selector\":\".btn btn_secondary btn_small cart_button\"}","trace":"Element not found {.btn btn_secondary btn_small cart_button}\nExpected: clickable: interactable and enabled\nScreenshot: file:/Users/ochirermoshkaev/Desktop/automation/progect/exampleUiAndApiTests/build/reports/tests/1758196453140.0.png\nPage source: file:/Users/ochirermoshkaev/Desktop/automation/progect/exampleUiAndApiTests/build/reports/tests/1758196453140.0.html\nTimeout: 4 s.\nCaused by: NoSuchElementException: no such element: Unable to locate element: {\"method\":\"css selector\",\"selector\":\".btn btn_secondary btn_small cart_button\"}\n\tat com.codeborne.selenide.impl.WebElementSource.createElementNotFoundError(WebElementSource.java:89)\n\tat com.codeborne.selenide.impl.ElementFinder.createElementNotFoundError(ElementFinder.java:129)\n\tat com.codeborne.selenide.impl.WebElementSource.handleError(WebElementSource.java:140)\n\tat com.codeborne.selenide.impl.WebElementSource.checkConditionAndReturnElement(WebElementSource.java:123)\n\tat com.codeborne.selenide.impl.WebElementSource.findAndAssertElementIsClickable(WebElementSource.java:169)\n\tat com.codeborne.selenide.commands.Click.findElement(Click.java:53)\n\tat com.codeborne.selenide.commands.Click.execute(Click.java:39)\n\tat com.codeborne.selenide.FluentCommand.execute(FluentCommand.java:27)\n\tat com.codeborne.selenide.FluentCommand.execute(FluentCommand.java:19)\n\tat com.codeborne.selenide.commands.Commands.execute(Commands.java:160)\n\tat com.codeborne.selenide.impl.SelenideElementProxy.dispatchAndRetry(SelenideElementProxy.java:131)\n\tat com.codeborne.selenide.impl.SelenideElementProxy.invoke(SelenideElementProxy.java:83)\n\tat jdk.proxy3/jdk.proxy3.$Proxy13.click(Unknown Source)\n\tat ui.pages.ProductsPage.clickRemoveProduct(ProductsPage.java:30)\n\tat ui.tests.ProductTests.removeProductBasket(ProductTests.java:25)\n\tat java.base/java.lang.reflect.Method.invoke(Method.java:580)\n\tat java.base/java.util.ArrayList.forEach(ArrayList.java:1596)\n\tat java.base/java.util.ArrayList.forEach(ArrayList.java:1596)\nCaused by: org.openqa.selenium.NoSuchElementException: no such element: Unable to locate element: {\"method\":\"css selector\",\"selector\":\".btn btn_secondary btn_small cart_button\"}\n  (Session info: chrome=140.0.7339.134)\nFor documentation on this error, please visit: https://www.selenium.dev/documentation/webdriver/troubleshooting/errors#no-such-element-exception\nBuild info: version: '4.35.0', revision: '1c58e5028b'\nSystem info: os.name: 'Mac OS X', os.arch: 'aarch64', os.version: '14.7.1', java.version: '21.0.4'\nDriver info: org.openqa.selenium.chrome.ChromeDriver\nCommand: [5e9a2c0720cad2e472e509d38db2c5f6, findElement {value=.btn btn_secondary btn_small cart_button, using=css selector}]\nCapabilities {acceptInsecureCerts: true, browserName: chrome, browserVersion: 140.0.7339.134, chrome: {chromedriverVersion: 140.0.7339.185 (eeea00e459e..., userDataDir: /var/folders/wk/fc4qj1r14sg...}, fedcm:accounts: true, goog:chromeOptions: {debuggerAddress: localhost:54641}, networkConnectionEnabled: false, pageLoadStrategy: normal, platformName: mac, proxy: Proxy(), se:cdp: ws://localhost:54641/devtoo..., se:cdpVersion: 140.0.7339.134, setWindowRect: true, strictFileInteractability: false, timeouts: {implicit: 0, pageLoad: 300000, script: 30000}, unhandledPromptBehavior: accept, webauthn:extension:credBlob: true, webauthn:extension:largeBlob: true, webauthn:extension:minPinLength: true, webauthn:extension:prf: true, webauthn:virtualAuthenticators: true}\nSession ID: 5e9a2c0720cad2e472e509d38db2c5f6\n\tat java.base/jdk.internal.reflect.DirectConstructorHandleAccessor.newInstance(DirectConstructorHandleAccessor.java:62)\n\tat java.base/java.lang.reflect.Constructor.newInstanceWithCaller(Constructor.java:502)\n\tat java.base/java.lang.reflect.Constructor.newInstance(Constructor.java:486)\n\tat org.openqa.selenium.remote.ErrorCodec.decode(ErrorCodec.java:167)\n\tat org.openqa.selenium.remote.codec.w3c.W3CHttpResponseCodec.decode(W3CHttpResponseCodec.java:138)\n\tat org.openqa.selenium.remote.codec.w3c.W3CHttpResponseCodec.decode(W3CHttpResponseCodec.java:50)\n\tat org.openqa.selenium.remote.HttpCommandExecutor.execute(HttpCommandExecutor.java:215)\n\tat org.openqa.selenium.remote.service.DriverCommandExecutor.invokeExecute(DriverCommandExecutor.java:216)\n\tat org.openqa.selenium.remote.service.DriverCommandExecutor.execute(DriverCommandExecutor.java:174)\n\tat org.openqa.selenium.remote.RemoteWebDriver.execute(RemoteWebDriver.java:557)\n\tat org.openqa.selenium.remote.ElementLocation$ElementFinder$2.findElement(ElementLocation.java:165)\n\tat org.openqa.selenium.remote.ElementLocation.findElement(ElementLocation.java:59)\n\tat org.openqa.selenium.remote.RemoteWebDriver.findElement(RemoteWebDriver.java:380)\n\tat org.openqa.selenium.remote.RemoteWebDriver.findElement(RemoteWebDriver.java:374)\n\tat com.codeborne.selenide.impl.WebElementSelector.findElement(WebElementSelector.java:67)\n\tat com.codeborne.selenide.impl.WebElementSelector.findElement(WebElementSelector.java:38)\n\tat com.codeborne.selenide.impl.WebElementSelector.findElement(WebElementSelector.java:29)\n\tat com.codeborne.selenide.impl.ElementFinder.getWebElement(ElementFinder.java:113)\n\tat com.codeborne.selenide.impl.WebElementSource.checkConditionAndReturnElement(WebElementSource.java:112)\n\t... 14 more\n"},"stage":"finished","description":"","steps":[],"attachments":[],"parameters":[],"start":1758196447182,"stop":1758196453244}