{"uuid":"aa17ba75-5e60-4297-8056-3c686b645a3a","historyId":"bae78cd111ff52fc7eb096df376c1b1f","testCaseId":"[engine:junit-jupiter]/[class:ui.tests.ProductTests]/[method:addProductBasket()]","testCaseName":"addProductBasket()","fullName":"ui.tests.ProductTests.addProductBasket","labels":[{"name":"junit.platform.uniqueid","value":"[engine:junit-jupiter]/[class:ui.tests.ProductTests]/[method:addProductBasket()]"},{"name":"host","value":"MacBook-Pro-Ochir.local"},{"name":"thread","value":"6267@MacBook-Pro-Ochir.local.Test worker(1)"},{"name":"framework","value":"junit-platform"},{"name":"language","value":"java"},{"name":"package","value":"ui.tests.ProductTests"},{"name":"testClass","value":"ui.tests.ProductTests"},{"name":"testMethod","value":"addProductBasket"},{"name":"suite","value":"ui.tests.ProductTests"}],"links":[],"name":"addProductBasket()","status":"failed","statusDetails":{"known":false,"muted":false,"flaky":false,"message":"Element not found {.shopping-cart-badge}\nExpected: text \"1\"\nScreenshot: file:/Users/ochirermoshkaev/Desktop/automation/progect/exampleUiAndApiTests/build/reports/tests/1758123436501.0.png\nPage source: file:/Users/ochirermoshkaev/Desktop/automation/progect/exampleUiAndApiTests/build/reports/tests/1758123436501.0.html\nTimeout: 4 s.\nCaused by: NoSuchElementException: no such element: Unable to locate element: {\"method\":\"css selector\",\"selector\":\".shopping-cart-badge\"}","trace":"Element not found {.shopping-cart-badge}\nExpected: text \"1\"\nScreenshot: file:/Users/ochirermoshkaev/Desktop/automation/progect/exampleUiAndApiTests/build/reports/tests/1758123436501.0.png\nPage source: file:/Users/ochirermoshkaev/Desktop/automation/progect/exampleUiAndApiTests/build/reports/tests/1758123436501.0.html\nTimeout: 4 s.\nCaused by: NoSuchElementException: no such element: Unable to locate element: {\"method\":\"css selector\",\"selector\":\".shopping-cart-badge\"}\n\tat com.codeborne.selenide.impl.WebElementSource.createElementNotFoundError(WebElementSource.java:89)\n\tat com.codeborne.selenide.impl.ElementFinder.createElementNotFoundError(ElementFinder.java:129)\n\tat com.codeborne.selenide.impl.WebElementSource.handleError(WebElementSource.java:140)\n\tat com.codeborne.selenide.impl.WebElementSource.checkConditionAndReturnElement(WebElementSource.java:123)\n\tat com.codeborne.selenide.impl.WebElementSource.checkCondition(WebElementSource.java:99)\n\tat com.codeborne.selenide.commands.Should.execute(Should.java:24)\n\tat com.codeborne.selenide.FluentCommand.execute(FluentCommand.java:27)\n\tat com.codeborne.selenide.FluentCommand.execute(FluentCommand.java:19)\n\tat com.codeborne.selenide.commands.Commands.execute(Commands.java:160)\n\tat com.codeborne.selenide.impl.SelenideElementProxy.dispatchAndRetry(SelenideElementProxy.java:131)\n\tat com.codeborne.selenide.impl.SelenideElementProxy.invoke(SelenideElementProxy.java:83)\n\tat jdk.proxy3/jdk.proxy3.$Proxy13.shouldHave(Unknown Source)\n\tat ui.pages.ProductsPage.checkBasket(ProductsPage.java:23)\n\tat ui.tests.ProductTests.addProductBasket(ProductTests.java:18)\n\tat java.base/java.lang.reflect.Method.invoke(Method.java:580)\n\tat java.base/java.util.ArrayList.forEach(ArrayList.java:1596)\n\tat java.base/java.util.ArrayList.forEach(ArrayList.java:1596)\nCaused by: org.openqa.selenium.NoSuchElementException: no such element: Unable to locate element: {\"method\":\"css selector\",\"selector\":\".shopping-cart-badge\"}\n  (Session info: chrome=140.0.7339.133)\nFor documentation on this error, please visit: https://www.selenium.dev/documentation/webdriver/troubleshooting/errors#no-such-element-exception\nBuild info: version: '4.35.0', revision: '1c58e5028b'\nSystem info: os.name: 'Mac OS X', os.arch: 'aarch64', os.version: '14.7.1', java.version: '21.0.4'\nDriver info: org.openqa.selenium.chrome.ChromeDriver\nCommand: [f67ef492fbc0d8f457b69b99b196a9b6, findElement {value=.shopping-cart-badge, using=css selector}]\nCapabilities {acceptInsecureCerts: true, browserName: chrome, browserVersion: 140.0.7339.133, chrome: {chromedriverVersion: 140.0.7339.82 (bc93617e21c3..., userDataDir: /var/folders/wk/fc4qj1r14sg...}, fedcm:accounts: true, goog:chromeOptions: {debuggerAddress: localhost:64159}, networkConnectionEnabled: false, pageLoadStrategy: normal, platformName: mac, proxy: Proxy(), se:cdp: ws://localhost:64159/devtoo..., se:cdpVersion: 140.0.7339.133, setWindowRect: true, strictFileInteractability: false, timeouts: {implicit: 0, pageLoad: 300000, script: 30000}, unhandledPromptBehavior: accept, webauthn:extension:credBlob: true, webauthn:extension:largeBlob: true, webauthn:extension:minPinLength: true, webauthn:extension:prf: true, webauthn:virtualAuthenticators: true}\nSession ID: f67ef492fbc0d8f457b69b99b196a9b6\n\tat java.base/jdk.internal.reflect.DirectConstructorHandleAccessor.newInstance(DirectConstructorHandleAccessor.java:62)\n\tat java.base/java.lang.reflect.Constructor.newInstanceWithCaller(Constructor.java:502)\n\tat java.base/java.lang.reflect.Constructor.newInstance(Constructor.java:486)\n\tat org.openqa.selenium.remote.ErrorCodec.decode(ErrorCodec.java:167)\n\tat org.openqa.selenium.remote.codec.w3c.W3CHttpResponseCodec.decode(W3CHttpResponseCodec.java:138)\n\tat org.openqa.selenium.remote.codec.w3c.W3CHttpResponseCodec.decode(W3CHttpResponseCodec.java:50)\n\tat org.openqa.selenium.remote.HttpCommandExecutor.execute(HttpCommandExecutor.java:215)\n\tat org.openqa.selenium.remote.service.DriverCommandExecutor.invokeExecute(DriverCommandExecutor.java:216)\n\tat org.openqa.selenium.remote.service.DriverCommandExecutor.execute(DriverCommandExecutor.java:174)\n\tat org.openqa.selenium.remote.RemoteWebDriver.execute(RemoteWebDriver.java:557)\n\tat org.openqa.selenium.remote.ElementLocation$ElementFinder$2.findElement(ElementLocation.java:165)\n\tat org.openqa.selenium.remote.ElementLocation.findElement(ElementLocation.java:59)\n\tat org.openqa.selenium.remote.RemoteWebDriver.findElement(RemoteWebDriver.java:380)\n\tat org.openqa.selenium.remote.RemoteWebDriver.findElement(RemoteWebDriver.java:374)\n\tat com.codeborne.selenide.impl.WebElementSelector.findElement(WebElementSelector.java:67)\n\tat com.codeborne.selenide.impl.WebElementSelector.findElement(WebElementSelector.java:38)\n\tat com.codeborne.selenide.impl.WebElementSelector.findElement(WebElementSelector.java:29)\n\tat com.codeborne.selenide.impl.ElementFinder.getWebElement(ElementFinder.java:113)\n\tat com.codeborne.selenide.impl.WebElementSource.checkConditionAndReturnElement(WebElementSource.java:112)\n\t... 13 more\n"},"stage":"finished","description":"","steps":[],"attachments":[],"parameters":[],"start":1758123430650,"stop":1758123436707}